0 info it worked if it ends with ok
1 verbose cli [ 'C:\\Program Files\\nodejs\\\\node.exe',
1 verbose cli   'C:\\Program Files\\nodejs\\node_modules\\npm\\bin\\npm-cli.js',
1 verbose cli   'install',
1 verbose cli   'fs' ]
2 info using npm@1.4.9
3 info using node@v0.10.28
4 verbose node symlink C:\Program Files\nodejs\\node.exe
5 warn package.json user@0.0.0 No repository field.
6 verbose cache add [ 'fs', null ]
7 verbose cache add name=undefined spec="fs" args=["fs",null]
8 verbose parsed url { protocol: null,
8 verbose parsed url   slashes: null,
8 verbose parsed url   auth: null,
8 verbose parsed url   host: null,
8 verbose parsed url   port: null,
8 verbose parsed url   hostname: null,
8 verbose parsed url   hash: null,
8 verbose parsed url   search: null,
8 verbose parsed url   query: null,
8 verbose parsed url   pathname: 'fs',
8 verbose parsed url   path: 'fs',
8 verbose parsed url   href: 'fs' }
9 silly lockFile 3f4bb586-fs fs
10 verbose lock fs C:\Users\Administrator\AppData\Roaming\npm-cache\3f4bb586-fs.lock
11 silly lockFile 3f4bb586-fs fs
12 silly lockFile 3f4bb586-fs fs
13 verbose addNamed [ 'fs', '' ]
14 verbose addNamed [ null, '*' ]
15 silly lockFile a107b96b-fs fs@
16 verbose lock fs@ C:\Users\Administrator\AppData\Roaming\npm-cache\a107b96b-fs.lock
17 silly addNameRange { name: 'fs', range: '*', hasData: false }
18 verbose url raw fs
19 verbose url resolving [ 'https://registry.npmjs.org/', './fs' ]
20 verbose url resolved https://registry.npmjs.org/fs
21 info trying registry request attempt 1 at 12:52:26
22 verbose etag "1OSDV99VBWRHBCJ8QK1200EE7"
23 http GET https://registry.npmjs.org/fs
24 http 404 https://registry.npmjs.org/fs
25 silly registry.get cb [ 404,
25 silly registry.get   { date: 'Thu, 19 Jun 2014 19:52:26 GMT',
25 silly registry.get     server: 'CouchDB/1.5.0 (Erlang OTP/R16B03)',
25 silly registry.get     etag: '"1OSDV99VBWRHBCJ8QK1200EE7"',
25 silly registry.get     'content-type': 'application/json',
25 silly registry.get     'cache-control': 'max-age=0',
25 silly registry.get     'content-length': '397',
25 silly registry.get     'accept-ranges': 'bytes',
25 silly registry.get     via: '1.1 varnish',
25 silly registry.get     age: '0',
25 silly registry.get     'x-served-by': 'cache-lax1420-LAX',
25 silly registry.get     'x-cache': 'MISS',
25 silly registry.get     'x-cache-hits': '0',
25 silly registry.get     'x-timer': 'S1403207545.907832,VS0,VE93',
25 silly registry.get     vary: 'Accept',
25 silly registry.get     'keep-alive': 'timeout=10, max=50',
25 silly registry.get     connection: 'Keep-Alive' } ]
26 silly lockFile a107b96b-fs fs@
27 silly lockFile a107b96b-fs fs@
28 error 404 Not Found
28 error 404
28 error 404 'fs' is not in the npm registry.
28 error 404 You should bug the author to publish it
28 error 404
28 error 404 Note that you can also install from a
28 error 404 tarball, folder, or http url, or git url.
29 error System Windows_NT 6.1.7601
30 error command "C:\\Program Files\\nodejs\\\\node.exe" "C:\\Program Files\\nodejs\\node_modules\\npm\\bin\\npm-cli.js" "install" "fs"
31 error cwd C:\Users\Administrator\Documents\GitHub\PowershellAPI
32 error node -v v0.10.28
33 error npm -v 1.4.9
34 error code E404
35 verbose exit [ 1, true ]
